#
# There is insufficient memory for the Java Runtime Environment to continue.
# Native memory allocation (malloc) failed to allocate 32744 bytes for ChunkPool::allocate
# Possible reasons:
#   The system is out of physical RAM or swap space
#   The process is running with CompressedOops enabled, and the Java Heap may be blocking the growth of the native heap
# Possible solutions:
#   Reduce memory load on the system
#   Increase physical memory or swap space
#   Check if swap backing store is full
#   Decrease Java heap size (-Xmx/-Xms)
#   Decrease number of Java threads
#   Decrease Java thread stack sizes (-Xss)
#   Set larger code cache with -XX:ReservedCodeCacheSize=
#   JVM is running with Unscaled Compressed Oops mode in which the Java heap is
#     placed in the first 4GB address space. The Java Heap base address is the
#     maximum limit for the native heap growth. Please use -XX:HeapBaseMinAddress
#     to set the Java Heap base and to place the Java Heap above 4GB virtual address.
# This output file may be truncated or incomplete.
#
#  Out of Memory Error (arena.cpp:78), pid=47432, tid=46728
#
# JRE version: OpenJDK Runtime Environment Temurin-17.0.6+10 (17.0.6+10) (build 17.0.6+10)
# Java VM: OpenJDK 64-Bit Server VM Temurin-17.0.6+10 (17.0.6+10, mixed mode, sharing, tiered, compressed oops, compressed class ptrs, g1 gc, windows-amd64)
# No core dump will be written. Minidumps are not enabled by default on client versions of Windows
#

---------------  S U M M A R Y ------------

Command Line: -Xmx64m -Xms64m -Dorg.gradle.appname=gradlew org.gradle.wrapper.GradleWrapperMain app:installDebug -PreactNativeDevServerPort=8081

Host: AMD Ryzen 5 5600H with Radeon Graphics         , 12 cores, 7G,  Windows 11 , 64 bit Build 22000 (10.0.22000.1335)
Time: Fri Feb  3 20:57:56 2023 India Standard Time elapsed time: 77.348994 seconds (0d 0h 1m 17s)

---------------  T H R E A D  ---------------

Current thread (0x000001869a2449c0):  JavaThread "main" [_thread_in_vm, id=46728, stack(0x00000028c4900000,0x00000028c4a00000)]

Stack: [0x00000028c4900000,0x00000028c4a00000]
Native frames: (J=compiled Java code, j=interpreted, Vv=VM code, C=native code)
V  [jvm.dll+0x67741a]
V  [jvm.dll+0x834434]
V  [jvm.dll+0x835bde]
V  [jvm.dll+0x836243]
V  [jvm.dll+0x2457b5]
V  [jvm.dll+0xabd1c]
V  [jvm.dll+0xac0cc]
V  [jvm.dll+0x1e8625]
V  [jvm.dll+0x1eb353]
V  [jvm.dll+0x1e0841]
V  [jvm.dll+0x53c6d0]
V  [jvm.dll+0x7af5e8]
V  [jvm.dll+0x7af6d4]
V  [jvm.dll+0x40bc05]
V  [jvm.dll+0x411d58]
C  [java.dll+0x17ec]

Java frames: (J=compiled Java code, j=interpreted, Vv=VM code)
J 743  java.lang.ClassLoader.defineClass1(Ljava/lang/ClassLoader;Ljava/lang/String;[BIILjava/security/ProtectionDomain;Ljava/lang/String;)Ljava/lang/Class; java.base@17.0.6 (0 bytes) @ 0x00000186a983e9e3 [0x00000186a983e920+0x00000000000000c3]
J 896 c1 java.lang.ClassLoader.defineClass(Ljava/lang/String;[BIILjava/security/ProtectionDomain;)Ljava/lang/Class; java.base@17.0.6 (43 bytes) @ 0x00000186a1ee34d4 [0x00000186a1ee3180+0x0000000000000354]
J 885 c1 java.security.SecureClassLoader.defineClass(Ljava/lang/String;[BIILjava/security/CodeSource;)Ljava/lang/Class; java.base@17.0.6 (16 bytes) @ 0x00000186a1edd08c [0x00000186a1edcfc0+0x00000000000000cc]
J 853 c1 java.net.URLClassLoader.defineClass(Ljava/lang/String;Ljdk/internal/loader/Resource;)Ljava/lang/Class; java.base@17.0.6 (224 bytes) @ 0x00000186a1ed0244 [0x00000186a1ece7c0+0x0000000000001a84]
J 740 c1 java.net.URLClassLoader$1.run()Ljava/lang/Class; java.base@17.0.6 (81 bytes) @ 0x00000186a1e82214 [0x00000186a1e815a0+0x0000000000000c74]
J 739 c1 java.net.URLClassLoader$1.run()Ljava/lang/Object; java.base@17.0.6 (5 bytes) @ 0x00000186a1e810c4 [0x00000186a1e81040+0x0000000000000084]
J 631 c1 java.security.AccessController.doPrivileged(Ljava/security/PrivilegedExceptionAction;Ljava/security/AccessControlContext;)Ljava/lang/Object; java.base@17.0.6 (26 bytes) @ 0x00000186a1e45a7c [0x00000186a1e458a0+0x00000000000001dc]
J 697 c1 java.net.URLClassLoader.findClass(Ljava/lang/String;)Ljava/lang/Class; java.base@17.0.6 (47 bytes) @ 0x00000186a1e6e31c [0x00000186a1e6e180+0x000000000000019c]
J 592 c1 java.lang.ClassLoader.loadClass(Ljava/lang/String;Z)Ljava/lang/Class; java.base@17.0.6 (121 bytes) @ 0x00000186a1e2f374 [0x00000186a1e2edc0+0x00000000000005b4]
J 580 c1 java.lang.ClassLoader.loadClass(Ljava/lang/String;)Ljava/lang/Class; java.base@17.0.6 (7 bytes) @ 0x00000186a1e271cc [0x00000186a1e270c0+0x000000000000010c]
v  ~StubRoutines::call_stub
j  org.gradle.internal.buildevents.BuildExceptionReporter.constructFailureDetails(Ljava/lang/String;Ljava/lang/Throwable;)Lorg/gradle/internal/buildevents/BuildExceptionReporter$FailureDetails;+0
j  org.gradle.internal.buildevents.BuildExceptionReporter.renderSingleBuildException(Ljava/lang/Throwable;)V+19
j  org.gradle.internal.buildevents.BuildExceptionReporter.execute(Ljava/lang/Throwable;)V+20
j  org.gradle.internal.buildevents.BuildExceptionReporter.execute(Ljava/lang/Object;)V+5
j  org.gradle.launcher.cli.ExceptionReportingAction.execute(Lorg/gradle/launcher/bootstrap/ExecutionListener;)V+89
j  org.gradle.launcher.cli.ExceptionReportingAction.execute(Ljava/lang/Object;)V+5
j  org.gradle.launcher.cli.DefaultCommandLineActionFactory$WithLogging.execute(Lorg/gradle/launcher/bootstrap/ExecutionListener;)V+299
j  org.gradle.launcher.Main.doAction([Ljava/lang/String;Lorg/gradle/launcher/bootstrap/ExecutionListener;)V+14
j  org.gradle.launcher.bootstrap.EntryPoint.run([Ljava/lang/String;)V+12
v  ~StubRoutines::call_stub
j  jdk.internal.reflect.NativeMethodAccessorImpl.invoke0(Ljava/lang/reflect/Method;Ljava/lang/Object;[Ljava/lang/Object;)Ljava/lang/Object;+0 java.base@17.0.6
j  jdk.internal.reflect.NativeMethodAccessorImpl.invoke(Ljava/lang/Object;[Ljava/lang/Object;)Ljava/lang/Object;+133 java.base@17.0.6
j  jdk.internal.reflect.DelegatingMethodAccessorImpl.invoke(Ljava/lang/Object;[Ljava/lang/Object;)Ljava/lang/Object;+6 java.base@17.0.6
j  java.lang.reflect.Method.invoke(Ljava/lang/Object;[Ljava/lang/Object;)Ljava/lang/Object;+59 java.base@17.0.6
j  org.gradle.launcher.bootstrap.ProcessBootstrap.runNoExit(Ljava/lang/String;[Ljava/lang/String;)V+159
j  org.gradle.launcher.bootstrap.ProcessBootstrap.run(Ljava/lang/String;[Ljava/lang/String;)V+2
v  ~StubRoutines::call_stub
j  jdk.internal.reflect.NativeMethodAccessorImpl.invoke0(Ljava/lang/reflect/Method;Ljava/lang/Object;[Ljava/lang/Object;)Ljava/lang/Object;+0 java.base@17.0.6
j  jdk.internal.reflect.NativeMethodAccessorImpl.invoke(Ljava/lang/Object;[Ljava/lang/Object;)Ljava/lang/Object;+133 java.base@17.0.6
j  jdk.internal.reflect.DelegatingMethodAccessorImpl.invoke(Ljava/lang/Object;[Ljava/lang/Object;)Ljava/lang/Object;+6 java.base@17.0.6
j  java.lang.reflect.Method.invoke(Ljava/lang/Object;[Ljava/lang/Object;)Ljava/lang/Object;+59 java.base@17.0.6
j  org.gradle.launcher.GradleMain.main([Ljava/lang/String;)V+100
v  ~StubRoutines::call_stub
j  jdk.internal.reflect.NativeMethodAccessorImpl.invoke0(Ljava/lang/reflect/Method;Ljava/lang/Object;[Ljava/lang/Object;)Ljava/lang/Object;+0 java.base@17.0.6
j  jdk.internal.reflect.NativeMethodAccessorImpl.invoke(Ljava/lang/Object;[Ljava/lang/Object;)Ljava/lang/Object;+133 java.base@17.0.6
j  jdk.internal.reflect.DelegatingMethodAccessorImpl.invoke(Ljava/lang/Object;[Ljava/lang/Object;)Ljava/lang/Object;+6 java.base@17.0.6
j  java.lang.reflect.Method.invoke(Ljava/lang/Object;[Ljava/lang/Object;)Ljava/lang/Object;+59 java.base@17.0.6
j  org.gradle.wrapper.BootstrapMainStarter.start([Ljava/lang/String;Ljava/io/File;)V+105
j  org.gradle.wrapper.WrapperExecutor.execute([Ljava/lang/String;Lorg/gradle/wrapper/Install;Lorg/gradle/wrapper/BootstrapMainStarter;)V+14
j  org.gradle.wrapper.GradleWrapperMain.main([Ljava/lang/String;)V+190
v  ~StubRoutines::call_stub

---------------  P R O C E S S  ---------------

Threads class SMR info:
_java_thread_list=0x00000186b54bf5b0, length=14, elements={
0x000001869a2449c0, 0x00000186b4053b00, 0x000001869a30afe0, 0x00000186b406a700,
0x00000186b406b0c0, 0x00000186b406c210, 0x00000186b406f370, 0x00000186b4073cf0,
0x00000186b4075490, 0x00000186b407edf0, 0x00000186b4c796a0, 0x00000186b4c7fc80,
0x00000186b5795b40, 0x00000186b5a28250
}

Java Threads: ( => current thread )
=>0x000001869a2449c0 JavaThread "main" [_thread_in_vm, id=46728, stack(0x00000028c4900000,0x00000028c4a00000)]
  0x00000186b4053b00 JavaThread "Reference Handler" daemon [_thread_blocked, id=40328, stack(0x00000028c5000000,0x00000028c5100000)]
  0x000001869a30afe0 JavaThread "Finalizer" daemon [_thread_blocked, id=5460, stack(0x00000028c5100000,0x00000028c5200000)]
  0x00000186b406a700 JavaThread "Signal Dispatcher" daemon [_thread_blocked, id=32820, stack(0x00000028c5200000,0x00000028c5300000)]
  0x00000186b406b0c0 JavaThread "Attach Listener" daemon [_thread_blocked, id=11460, stack(0x00000028c5300000,0x00000028c5400000)]
  0x00000186b406c210 JavaThread "Service Thread" daemon [_thread_blocked, id=42848, stack(0x00000028c5400000,0x00000028c5500000)]
  0x00000186b406f370 JavaThread "Monitor Deflation Thread" daemon [_thread_blocked, id=38892, stack(0x00000028c5500000,0x00000028c5600000)]
  0x00000186b4073cf0 JavaThread "C2 CompilerThread0" daemon [_thread_blocked, id=32272, stack(0x00000028c5600000,0x00000028c5700000)]
  0x00000186b4075490 JavaThread "C1 CompilerThread0" daemon [_thread_blocked, id=47340, stack(0x00000028c5700000,0x00000028c5800000)]
  0x00000186b407edf0 JavaThread "Sweeper thread" daemon [_thread_blocked, id=47308, stack(0x00000028c5800000,0x00000028c5900000)]
  0x00000186b4c796a0 JavaThread "Notification Thread" daemon [_thread_blocked, id=40120, stack(0x00000028c5900000,0x00000028c5a00000)]
  0x00000186b4c7fc80 JavaThread "Common-Cleaner" daemon [_thread_blocked, id=17592, stack(0x00000028c5b00000,0x00000028c5c00000)]
  0x00000186b5795b40 JavaThread "pool-1-thread-1" [_thread_blocked, id=46208, stack(0x00000028c6000000,0x00000028c6100000)]
  0x00000186b5a28250 JavaThread "DisconnectableInputStream source reader" daemon [_thread_in_native, id=47492, stack(0x00000028c6200000,0x00000028c6300000)]

Other Threads:
  0x000001869a3084f0 VMThread "VM Thread" [stack: 0x00000028c4f00000,0x00000028c5000000] [id=43816]
  0x00000186b4c7a390 WatcherThread [stack: 0x00000028c5a00000,0x00000028c5b00000] [id=47312]
  0x000001869a264950 GCTaskThread "GC Thread#0" [stack: 0x00000028c4a00000,0x00000028c4b00000] [id=42580]
  0x00000186b59c89a0 GCTaskThread "GC Thread#1" [stack: 0x00000028c5c00000,0x00000028c5d00000] [id=42560]
  0x00000186b585b840 GCTaskThread "GC Thread#2" [stack: 0x00000028c5d00000,0x00000028c5e00000] [id=40720]
  0x00000186b5964c40 GCTaskThread "GC Thread#3" [stack: 0x00000028c5e00000,0x00000028c5f00000] [id=12160]
  0x00000186b5870890 GCTaskThread "GC Thread#4" [stack: 0x00000028c5f00000,0x00000028c6000000] [id=41076]
  0x00000186b58981d0 GCTaskThread "GC Thread#5" [stack: 0x00000028c4600000,0x00000028c4700000] [id=48608]
  0x00000186b40e6e50 GCTaskThread "GC Thread#6" [stack: 0x00000028c4700000,0x00000028c4800000] [id=43924]
  0x00000186b59b91e0 GCTaskThread "GC Thread#7" [stack: 0x00000028c4800000,0x00000028c4900000] [id=30216]
  0x00000186b59b9490 GCTaskThread "GC Thread#8" [stack: 0x00000028c6600000,0x00000028c6700000] [id=40044]
  0x00000186b4111c70 GCTaskThread "GC Thread#9" [stack: 0x00000028c6700000,0x00000028c6800000] [id=49432]
  0x000001869a2661f0 ConcurrentGCThread "G1 Main Marker" [stack: 0x00000028c4b00000,0x00000028c4c00000] [id=36796]
  0x000001869a268320 ConcurrentGCThread "G1 Conc#0" [stack: 0x00000028c4c00000,0x00000028c4d00000] [id=45924]
  0x000001869a2ee630 ConcurrentGCThread "G1 Refine#0" [stack: 0x00000028c4d00000,0x00000028c4e00000] [id=32104]
  0x000001869a2eeef0 ConcurrentGCThread "G1 Service" [stack: 0x00000028c4e00000,0x00000028c4f00000] [id=43164]

Threads with active compile tasks:

VM state: not at safepoint (normal execution)

VM Mutex/Monitor currently owned by a thread: None

Heap address: 0x00000000fc000000, size: 64 MB, Compressed Oops mode: 32-bit

CDS archive(s) mapped at: [0x0000000800000000-0x0000000800bc0000-0x0000000800bc0000), size 12320768, SharedBaseAddress: 0x0000000800000000, ArchiveRelocationMode: 0.
Compressed class space mapped at: 0x0000000800c00000-0x0000000840c00000, reserved size: 1073741824
Narrow klass base: 0x0000000800000000, Narrow klass shift: 0, Narrow klass range: 0x100000000

GC Precious Log:
 CPUs: 12 total, 12 available
 Memory: 7524M
 Large Page Support: Disabled
 NUMA Support: Disabled
 Compressed Oops: Enabled (32-bit)
 Heap Region Size: 1M
 Heap Min Capacity: 64M
 Heap Initial Capacity: 64M
 Heap Max Capacity: 64M
 Pre-touch: Disabled
 Parallel Workers: 10
 Concurrent Workers: 3
 Concurrent Refinement Workers: 10
 Periodic GC: Disabled

Heap:
 garbage-first heap   total 65536K, used 12101K [0x00000000fc000000, 0x0000000100000000)
  region size 1024K, 4 young (4096K), 2 survivors (2048K)
 Metaspace       used 9827K, committed 10048K, reserved 1064960K
  class space    used 1273K, committed 1344K, reserved 1048576K

Heap Regions: E=young(eden), S=young(survivor), O=old, HS=humongous(starts), HC=humongous(continues), CS=collection set, F=free, OA=open archive, CA=closed archive, TAMS=top-at-mark-start (previous, next)
|   0|0x00000000fc000000, 0x00000000fc100000, 0x00000000fc100000|100%| O|  |TAMS 0x00000000fc000000, 0x00000000fc000000| Untracked 
|   1|0x00000000fc100000, 0x00000000fc200000, 0x00000000fc200000|100%| O|  |TAMS 0x00000000fc100000, 0x00000000fc100000| Untracked 
|   2|0x00000000fc200000, 0x00000000fc200000, 0x00000000fc300000|  0%| F|  |TAMS 0x00000000fc200000, 0x00000000fc200000| Untracked 
|   3|0x00000000fc300000, 0x00000000fc400000, 0x00000000fc400000|100%|HS|  |TAMS 0x00000000fc300000, 0x00000000fc300000| Complete 
|   4|0x00000000fc400000, 0x00000000fc500000, 0x00000000fc500000|100%|HC|  |TAMS 0x00000000fc400000, 0x00000000fc400000| Complete 
|   5|0x00000000fc500000, 0x00000000fc600000, 0x00000000fc600000|100%|HC|  |TAMS 0x00000000fc500000, 0x00000000fc500000| Complete 
|   6|0x00000000fc600000, 0x00000000fc700000, 0x00000000fc700000|100%| O|  |TAMS 0x00000000fc600000, 0x00000000fc600000| Untracked 
|   7|0x00000000fc700000, 0x00000000fc800000, 0x00000000fc800000|100%| O|  |TAMS 0x00000000fc700000, 0x00000000fc700000| Untracked 
|   8|0x00000000fc800000, 0x00000000fc900000, 0x00000000fc900000|100%| O|  |TAMS 0x00000000fc800000, 0x00000000fc800000| Untracked 
|   9|0x00000000fc900000, 0x00000000fca00000, 0x00000000fca00000|100%| O|  |TAMS 0x00000000fc900000, 0x00000000fc900000| Untracked 
|  10|0x00000000fca00000, 0x00000000fca00000, 0x00000000fcb00000|  0%| F|  |TAMS 0x00000000fca00000, 0x00000000fca00000| Untracked 
|  11|0x00000000fcb00000, 0x00000000fcb00000, 0x00000000fcc00000|  0%| F|  |TAMS 0x00000000fcb00000, 0x00000000fcb00000| Untracked 
|  12|0x00000000fcc00000, 0x00000000fcc00000, 0x00000000fcd00000|  0%| F|  |TAMS 0x00000000fcc00000, 0x00000000fcc00000| Untracked 
|  13|0x00000000fcd00000, 0x00000000fcd00000, 0x00000000fce00000|  0%| F|  |TAMS 0x00000000fcd00000, 0x00000000fcd00000| Untracked 
|  14|0x00000000fce00000, 0x00000000fce00000, 0x00000000fcf00000|  0%| F|  |TAMS 0x00000000fce00000, 0x00000000fce00000| Untracked 
|  15|0x00000000fcf00000, 0x00000000fcf00000, 0x00000000fd000000|  0%| F|  |TAMS 0x00000000fcf00000, 0x00000000fcf00000| Untracked 
|  16|0x00000000fd000000, 0x00000000fd000000, 0x00000000fd100000|  0%| F|  |TAMS 0x00000000fd000000, 0x00000000fd000000| Untracked 
|  17|0x00000000fd100000, 0x00000000fd100000, 0x00000000fd200000|  0%| F|  |TAMS 0x00000000fd100000, 0x00000000fd100000| Untracked 
|  18|0x00000000fd200000, 0x00000000fd200000, 0x00000000fd300000|  0%| F|  |TAMS 0x00000000fd200000, 0x00000000fd200000| Untracked 
|  19|0x00000000fd300000, 0x00000000fd300000, 0x00000000fd400000|  0%| F|  |TAMS 0x00000000fd300000, 0x00000000fd300000| Untracked 
|  20|0x00000000fd400000, 0x00000000fd400000, 0x00000000fd500000|  0%| F|  |TAMS 0x00000000fd400000, 0x00000000fd400000| Untracked 
|  21|0x00000000fd500000, 0x00000000fd500000, 0x00000000fd600000|  0%| F|  |TAMS 0x00000000fd500000, 0x00000000fd500000| Untracked 
|  22|0x00000000fd600000, 0x00000000fd600000, 0x00000000fd700000|  0%| F|  |TAMS 0x00000000fd600000, 0x00000000fd600000| Untracked 
|  23|0x00000000fd700000, 0x00000000fd700000, 0x00000000fd800000|  0%| F|  |TAMS 0x00000000fd700000, 0x00000000fd700000| Untracked 
|  24|0x00000000fd800000, 0x00000000fd800000, 0x00000000fd900000|  0%| F|  |TAMS 0x00000000fd800000, 0x00000000fd800000| Untracked 
|  25|0x00000000fd900000, 0x00000000fd900000, 0x00000000fda00000|  0%| F|  |TAMS 0x00000000fd900000, 0x00000000fd900000| Untracked 
|  26|0x00000000fda00000, 0x00000000fda00000, 0x00000000fdb00000|  0%| F|  |TAMS 0x00000000fda00000, 0x00000000fda00000| Untracked 
|  27|0x00000000fdb00000, 0x00000000fdb00000, 0x00000000fdc00000|  0%| F|  |TAMS 0x00000000fdb00000, 0x00000000fdb00000| Untracked 
|  28|0x00000000fdc00000, 0x00000000fdc00000, 0x00000000fdd00000|  0%| F|  |TAMS 0x00000000fdc00000, 0x00000000fdc00000| Untracked 
|  29|0x00000000fdd00000, 0x00000000fdd00000, 0x00000000fde00000|  0%| F|  |TAMS 0x00000000fdd00000, 0x00000000fdd00000| Untracked 
|  30|0x00000000fde00000, 0x00000000fde00000, 0x00000000fdf00000|  0%| F|  |TAMS 0x00000000fde00000, 0x00000000fde00000| Untracked 
|  31|0x00000000fdf00000, 0x00000000fdf00000, 0x00000000fe000000|  0%| F|  |TAMS 0x00000000fdf00000, 0x00000000fdf00000| Untracked 
|  32|0x00000000fe000000, 0x00000000fe000000, 0x00000000fe100000|  0%| F|  |TAMS 0x00000000fe000000, 0x00000000fe000000| Untracked 
|  33|0x00000000fe100000, 0x00000000fe100000, 0x00000000fe200000|  0%| F|  |TAMS 0x00000000fe100000, 0x00000000fe100000| Untracked 
|  34|0x00000000fe200000, 0x00000000fe200000, 0x00000000fe300000|  0%| F|  |TAMS 0x00000000fe200000, 0x00000000fe200000| Untracked 
|  35|0x00000000fe300000, 0x00000000fe300000, 0x00000000fe400000|  0%| F|  |TAMS 0x00000000fe300000, 0x00000000fe300000| Untracked 
|  36|0x00000000fe400000, 0x00000000fe400000, 0x00000000fe500000|  0%| F|  |TAMS 0x00000000fe400000, 0x00000000fe400000| Untracked 
|  37|0x00000000fe500000, 0x00000000fe5d1500, 0x00000000fe600000| 81%| S|CS|TAMS 0x00000000fe500000, 0x00000000fe500000| Complete 
|  38|0x00000000fe600000, 0x00000000fe600000, 0x00000000fe700000|  0%| F|  |TAMS 0x00000000fe600000, 0x00000000fe600000| Untracked 
|  39|0x00000000fe700000, 0x00000000fe700000, 0x00000000fe800000|  0%| F|  |TAMS 0x00000000fe700000, 0x00000000fe700000| Untracked 
|  40|0x00000000fe800000, 0x00000000fe800000, 0x00000000fe900000|  0%| F|  |TAMS 0x00000000fe800000, 0x00000000fe800000| Untracked 
|  41|0x00000000fe900000, 0x00000000fea00000, 0x00000000fea00000|100%| S|CS|TAMS 0x00000000fe900000, 0x00000000fe900000| Complete 
|  42|0x00000000fea00000, 0x00000000fea00000, 0x00000000feb00000|  0%| F|  |TAMS 0x00000000fea00000, 0x00000000fea00000| Untracked 
|  43|0x00000000feb00000, 0x00000000feb00000, 0x00000000fec00000|  0%| F|  |TAMS 0x00000000feb00000, 0x00000000feb00000| Untracked 
|  44|0x00000000fec00000, 0x00000000fec00000, 0x00000000fed00000|  0%| F|  |TAMS 0x00000000fec00000, 0x00000000fec00000| Untracked 
|  45|0x00000000fed00000, 0x00000000fed00000, 0x00000000fee00000|  0%| F|  |TAMS 0x00000000fed00000, 0x00000000fed00000| Untracked 
|  46|0x00000000fee00000, 0x00000000fee00000, 0x00000000fef00000|  0%| F|  |TAMS 0x00000000fee00000, 0x00000000fee00000| Untracked 
|  47|0x00000000fef00000, 0x00000000fef00000, 0x00000000ff000000|  0%| F|  |TAMS 0x00000000fef00000, 0x00000000fef00000| Untracked 
|  48|0x00000000ff000000, 0x00000000ff000000, 0x00000000ff100000|  0%| F|  |TAMS 0x00000000ff000000, 0x00000000ff000000| Untracked 
|  49|0x00000000ff100000, 0x00000000ff100000, 0x00000000ff200000|  0%| F|  |TAMS 0x00000000ff100000, 0x00000000ff100000| Untracked 
|  50|0x00000000ff200000, 0x00000000ff200000, 0x00000000ff300000|  0%| F|  |TAMS 0x00000000ff200000, 0x00000000ff200000| Untracked 
|  51|0x00000000ff300000, 0x00000000ff300000, 0x00000000ff400000|  0%| F|  |TAMS 0x00000000ff300000, 0x00000000ff300000| Untracked 
|  52|0x00000000ff400000, 0x00000000ff400000, 0x00000000ff500000|  0%| F|  |TAMS 0x00000000ff400000, 0x00000000ff400000| Untracked 
|  53|0x00000000ff500000, 0x00000000ff500000, 0x00000000ff600000|  0%| F|  |TAMS 0x00000000ff500000, 0x00000000ff500000| Untracked 
|  54|0x00000000ff600000, 0x00000000ff600000, 0x00000000ff700000|  0%| F|  |TAMS 0x00000000ff600000, 0x00000000ff600000| Untracked 
|  55|0x00000000ff700000, 0x00000000ff700000, 0x00000000ff800000|  0%| F|  |TAMS 0x00000000ff700000, 0x00000000ff700000| Untracked 
|  56|0x00000000ff800000, 0x00000000ff800000, 0x00000000ff900000|  0%| F|  |TAMS 0x00000000ff800000, 0x00000000ff800000| Untracked 
|  57|0x00000000ff900000, 0x00000000ff900000, 0x00000000ffa00000|  0%| F|  |TAMS 0x00000000ff900000, 0x00000000ff900000| Untracked 
|  58|0x00000000ffa00000, 0x00000000ffa00000, 0x00000000ffb00000|  0%| F|  |TAMS 0x00000000ffa00000, 0x00000000ffa00000| Untracked 
|  59|0x00000000ffb00000, 0x00000000ffb00000, 0x00000000ffc00000|  0%| F|  |TAMS 0x00000000ffb00000, 0x00000000ffb00000| Untracked 
|  60|0x00000000ffc00000, 0x00000000ffc00000, 0x00000000ffd00000|  0%| F|  |TAMS 0x00000000ffc00000, 0x00000000ffc00000| Untracked 
|  61|0x00000000ffd00000, 0x00000000ffd00000, 0x00000000ffe00000|  0%| F|  |TAMS 0x00000000ffd00000, 0x00000000ffd00000| Untracked 
|  62|0x00000000ffe00000, 0x00000000ffe91b58, 0x00000000fff00000| 56%| E|  |TAMS 0x00000000ffe00000, 0x00000000ffe00000| Complete 
|  63|0x00000000fff00000, 0x0000000100000000, 0x0000000100000000|100%| E|CS|TAMS 0x00000000fff00000, 0x00000000fff00000| Complete 

Card table byte_map: [0x000001869a190000,0x000001869a1b0000] _byte_map_base: 0x00000186999b0000

Marking Bits (Prev, Next): (CMBitMap*) 0x000001869a264f60, (CMBitMap*) 0x000001869a264fa0
 Prev Bits: [0x00000186b1280000, 0x00000186b1380000)
 Next Bits: [0x00000186b1380000, 0x00000186b1480000)

Polling page: 0x00000186981e0000

Metaspace:

Usage:
  Non-class:      8.35 MB used.
      Class:      1.24 MB used.
       Both:      9.60 MB used.

Virtual space:
  Non-class space:       16.00 MB reserved,       8.50 MB ( 53%) committed,  2 nodes.
      Class space:        1.00 GB reserved,       1.31 MB ( <1%) committed,  1 nodes.
             Both:        1.02 GB reserved,       9.81 MB ( <1%) committed. 

Chunk freelists:
   Non-Class:  2.67 MB
       Class:  2.58 MB
        Both:  5.25 MB

MaxMetaspaceSize: unlimited
CompressedClassSpaceSize: 1.00 GB
Initial GC threshold: 21.00 MB
Current GC threshold: 21.00 MB
CDS: on
MetaspaceReclaimPolicy: balanced
 - commit_granule_bytes: 65536.
 - commit_granule_words: 8192.
 - virtual_space_node_default_size: 1048576.
 - enlarge_chunks_in_place: 1.
 - new_chunks_are_fully_committed: 0.
 - uncommit_free_chunks: 1.
 - use_allocation_guard: 0.
 - handle_deallocations: 1.


Internal statistics:

num_allocs_failed_limit: 0.
num_arena_births: 94.
num_arena_deaths: 0.
num_vsnodes_births: 3.
num_vsnodes_deaths: 0.
num_space_committed: 157.
num_space_uncommitted: 0.
num_chunks_returned_to_freelist: 0.
num_chunks_taken_from_freelist: 339.
num_chunk_merges: 0.
num_chunk_splits: 231.
num_chunks_enlarged: 198.
num_purges: 0.
num_inconsistent_stats: 0.

CodeHeap 'non-profiled nmethods': size=120000Kb used=682Kb max_used=682Kb free=119317Kb
 bounds [0x00000186a9800000, 0x00000186a9a70000, 0x00000186b0d30000]
CodeHeap 'profiled nmethods': size=120000Kb used=3748Kb max_used=3748Kb free=116252Kb
 bounds [0x00000186a1d30000, 0x00000186a20e0000, 0x00000186a9260000]
CodeHeap 'non-nmethods': size=5760Kb used=1178Kb max_used=1200Kb free=4581Kb
 bounds [0x00000186a9260000, 0x00000186a94d0000, 0x00000186a9800000]
 total_blobs=2375 nmethods=1897 adapters=391
 compilation: enabled
              stopped_count=0, restarted_count=0
 full_count=0

Compilation events (20 events):
Event: 77.269 Thread 0x00000186b4075490 1886       3       java.util.LinkedList::node (65 bytes)
Event: 77.269 Thread 0x00000186b4075490 nmethod 1886 0x00000186a20d3710 code [0x00000186a20d38c0, 0x00000186a20d3b98]
Event: 77.269 Thread 0x00000186b4075490 1887       3       com.google.common.collect.Lists$ReverseList$1::hasNext (10 bytes)
Event: 77.269 Thread 0x00000186b4075490 nmethod 1887 0x00000186a20d3d10 code [0x00000186a20d3ec0, 0x00000186a20d4088]
Event: 77.282 Thread 0x00000186b4075490 1889       3       java.lang.invoke.MethodHandleNatives::refKindIsMethod (19 bytes)
Event: 77.283 Thread 0x00000186b4075490 nmethod 1889 0x00000186a20d4190 code [0x00000186a20d4340, 0x00000186a20d4598]
Event: 77.286 Thread 0x00000186b4075490 1891       3       sun.invoke.util.BytecodeDescriptor::unparse (24 bytes)
Event: 77.286 Thread 0x00000186b4075490 nmethod 1891 0x00000186a20d4690 code [0x00000186a20d4840, 0x00000186a20d4a48]
Event: 77.286 Thread 0x00000186b4075490 1892       3       java.lang.Class::descriptorString (170 bytes)
Event: 77.288 Thread 0x00000186b4075490 nmethod 1892 0x00000186a20d4b10 code [0x00000186a20d4fe0, 0x00000186a20d6bf8]
Event: 77.294 Thread 0x00000186b4073cf0 nmethod 1883% 0x00000186a98a4910 code [0x00000186a98a4b40, 0x00000186a98a6260]
Event: 77.294 Thread 0x00000186b4073cf0 1888       4       java.io.WinNTFileSystem::normalize (143 bytes)
Event: 77.304 Thread 0x00000186b4075490 1893       1       java.util.concurrent.CopyOnWriteArrayList::setArray (6 bytes)
Event: 77.304 Thread 0x00000186b4075490 nmethod 1893 0x00000186a98a6c90 code [0x00000186a98a6e20, 0x00000186a98a6f38]
Event: 77.306 Thread 0x00000186b4075490 1895       3       sun.nio.cs.StreamEncoder::writeBytes (139 bytes)
Event: 77.307 Thread 0x00000186b4075490 nmethod 1895 0x00000186a20d7590 code [0x00000186a20d7800, 0x00000186a20d81f8]
Event: 77.313 Thread 0x00000186b4075490 1896       3       java.util.Arrays::hashCode (56 bytes)
Event: 77.313 Thread 0x00000186b4075490 nmethod 1896 0x00000186a20d8590 code [0x00000186a20d8740, 0x00000186a20d8aa8]
Event: 77.313 Thread 0x00000186b4075490 1897       3       java.util.Arrays$ArrayItr::hasNext (18 bytes)
Event: 77.314 Thread 0x00000186b4075490 nmethod 1897 0x00000186a20d8c10 code [0x00000186a20d8da0, 0x00000186a20d8f18]

GC Heap History (4 events):
Event: 0.953 GC heap before
{Heap before GC invocations=0 (full 0):
 garbage-first heap   total 65536K, used 28672K [0x00000000fc000000, 0x0000000100000000)
  region size 1024K, 23 young (23552K), 0 survivors (0K)
 Metaspace       used 3792K, committed 4032K, reserved 1056768K
  class space    used 485K, committed 576K, reserved 1048576K
}
Event: 0.962 GC heap after
{Heap after GC invocations=1 (full 0):
 garbage-first heap   total 65536K, used 9336K [0x00000000fc000000, 0x0000000100000000)
  region size 1024K, 3 young (3072K), 3 survivors (3072K)
 Metaspace       used 3792K, committed 4032K, reserved 1056768K
  class space    used 485K, committed 576K, reserved 1048576K
}
Event: 68.504 GC heap before
{Heap before GC invocations=1 (full 0):
 garbage-first heap   total 65536K, used 31864K [0x00000000fc000000, 0x0000000100000000)
  region size 1024K, 25 young (25600K), 3 survivors (3072K)
 Metaspace       used 9770K, committed 9920K, reserved 1064960K
  class space    used 1265K, committed 1344K, reserved 1048576K
}
Event: 68.585 GC heap after
{Heap after GC invocations=2 (full 0):
 garbage-first heap   total 65536K, used 11077K [0x00000000fc000000, 0x0000000100000000)
  region size 1024K, 2 young (2048K), 2 survivors (2048K)
 Metaspace       used 9770K, committed 9920K, reserved 1064960K
  class space    used 1265K, committed 1344K, reserved 1048576K
}

Dll operation events (12 events):
Event: 0.009 Loaded shared library C:\Program Files\Eclipse Adoptium\jdk-17.0.6.10-hotspot\bin\java.dll
Event: 0.020 Loaded shared library C:\Program Files\Eclipse Adoptium\jdk-17.0.6.10-hotspot\bin\jsvml.dll
Event: 0.085 Loaded shared library C:\Program Files\Eclipse Adoptium\jdk-17.0.6.10-hotspot\bin\net.dll
Event: 0.090 Loaded shared library C:\Program Files\Eclipse Adoptium\jdk-17.0.6.10-hotspot\bin\nio.dll
Event: 0.103 Loaded shared library C:\Program Files\Eclipse Adoptium\jdk-17.0.6.10-hotspot\bin\zip.dll
Event: 0.545 Loaded shared library C:\Program Files\Eclipse Adoptium\jdk-17.0.6.10-hotspot\bin\jimage.dll
Event: 0.634 Loaded shared library C:\Program Files\Eclipse Adoptium\jdk-17.0.6.10-hotspot\bin\verify.dll
Event: 0.944 Loaded shared library C:\Users\91992\.gradle\native\e1d6ef7f7dcc3fd88c89a11ec53ec762bb8ba0a96d01ffa2cd45eb1d1d8dd5c5\windows-amd64\native-platform.dll
Event: 0.978 Loaded shared library C:\Users\91992\.gradle\native\jansi\1.18\windows64\jansi.dll
Event: 1.129 Loaded shared library C:\Program Files\Eclipse Adoptium\jdk-17.0.6.10-hotspot\bin\management.dll
Event: 1.137 Loaded shared library C:\Program Files\Eclipse Adoptium\jdk-17.0.6.10-hotspot\bin\management_ext.dll
Event: 4.004 Loaded shared library C:\Program Files\Eclipse Adoptium\jdk-17.0.6.10-hotspot\bin\sunmscapi.dll

Deoptimization events (20 events):
Event: 3.935 Thread 0x00000186b5763b60 Uncommon trap: trap_request=0xffffff45 fr.pc=0x00000186a980d300 relative=0x0000000000000080
Event: 3.935 Thread 0x00000186b5763b60 Uncommon trap: reason=unstable_if action=reinterpret pc=0x00000186a980d300 method=java.lang.String.codePointAt(I)I @ 4 c2
Event: 3.935 Thread 0x00000186b5763b60 DEOPT PACKING pc=0x00000186a980d300 sp=0x00000028c61fee00
Event: 3.935 Thread 0x00000186b5763b60 DEOPT UNPACKING pc=0x00000186a92b69a3 sp=0x00000028c61fed98 mode 2
Event: 3.937 Thread 0x00000186b5763b60 Uncommon trap: trap_request=0xffffff45 fr.pc=0x00000186a9865544 relative=0x0000000000000e84
Event: 3.937 Thread 0x00000186b5763b60 Uncommon trap: reason=unstable_if action=reinterpret pc=0x00000186a9865544 method=java.util.concurrent.ConcurrentHashMap.putVal(Ljava/lang/Object;Ljava/lang/Object;Z)Ljava/lang/Object; @ 97 c2
Event: 3.937 Thread 0x00000186b5763b60 DEOPT PACKING pc=0x00000186a9865544 sp=0x00000028c61fe220
Event: 3.937 Thread 0x00000186b5763b60 DEOPT UNPACKING pc=0x00000186a92b69a3 sp=0x00000028c61fe1a8 mode 2
Event: 63.007 Thread 0x00000186b5795b40 Uncommon trap: trap_request=0xffffff45 fr.pc=0x00000186a9893920 relative=0x0000000000000520
Event: 63.007 Thread 0x00000186b5795b40 Uncommon trap: reason=unstable_if action=reinterpret pc=0x00000186a9893920 method=org.gradle.internal.logging.text.AbstractLineChoppingStyledTextOutput$2.execute(Lorg/gradle/internal/logging/text/AbstractLineChoppingStyledTextOutput$StateContext;)V @ 34 c
Event: 63.007 Thread 0x00000186b5795b40 DEOPT PACKING pc=0x00000186a9893920 sp=0x00000028c60feb80
Event: 63.008 Thread 0x00000186b5795b40 DEOPT UNPACKING pc=0x00000186a92b69a3 sp=0x00000028c60fea08 mode 2
Event: 76.439 Thread 0x000001869a2449c0 DEOPT PACKING pc=0x00000186a2063bcd sp=0x00000028c49fc430
Event: 76.440 Thread 0x000001869a2449c0 DEOPT UNPACKING pc=0x00000186a92b7143 sp=0x00000028c49fb8c8 mode 0
Event: 77.229 Thread 0x000001869a2449c0 Uncommon trap: trap_request=0xffffff45 fr.pc=0x00000186a989bc74 relative=0x0000000000000154
Event: 77.229 Thread 0x000001869a2449c0 Uncommon trap: reason=unstable_if action=reinterpret pc=0x00000186a989bc74 method=com.esotericsoftware.kryo.io.Input.require(I)I @ 180 c2
Event: 77.229 Thread 0x000001869a2449c0 DEOPT PACKING pc=0x00000186a989bc74 sp=0x00000028c49fc700
Event: 77.229 Thread 0x000001869a2449c0 DEOPT UNPACKING pc=0x00000186a92b69a3 sp=0x00000028c49fc6a8 mode 2
Event: 77.271 Thread 0x000001869a2449c0 DEOPT PACKING pc=0x00000186a1f3a388 sp=0x00000028c49fc9e0
Event: 77.271 Thread 0x000001869a2449c0 DEOPT UNPACKING pc=0x00000186a92b7143 sp=0x00000028c49fbef8 mode 0

Classes unloaded (0 events):
No events

Classes redefined (0 events):
No events

Internal exceptions (20 events):
Event: 0.924 Thread 0x000001869a2449c0 Exception <a 'java/lang/NoSuchMethodError'{0x00000000fe92ee70}: 'java.lang.Object java.lang.invoke.DirectMethodHandle$Holder.invokeStatic(java.lang.Object, java.lang.Object, int)'> (0x00000000fe92ee70) 
thrown [s\src\hotspot\share\interpreter\linkResolver.cpp, line 759]
Event: 0.925 Thread 0x000001869a2449c0 Exception <a 'java/lang/NoSuchMethodError'{0x00000000fe93ab60}: 'void java.lang.invoke.DelegatingMethodHandle$Holder.delegate(java.lang.Object, java.lang.Object, int, java.lang.Object)'> (0x00000000fe93ab60) 
thrown [s\src\hotspot\share\interpreter\linkResolver.cpp, line 759]
Event: 0.926 Thread 0x000001869a2449c0 Exception <a 'java/lang/NoSuchMethodError'{0x00000000fe93eca8}: 'int java.lang.invoke.DirectMethodHandle$Holder.invokeSpecial(java.lang.Object, java.lang.Object, java.lang.Object)'> (0x00000000fe93eca8) 
thrown [s\src\hotspot\share\interpreter\linkResolver.cpp, line 759]
Event: 0.928 Thread 0x000001869a2449c0 Exception <a 'java/lang/NoSuchMethodError'{0x00000000fe951df0}: 'java.lang.Object java.lang.invoke.Invokers$Holder.invokeExact_MT(java.lang.Object, java.lang.Object, java.lang.Object, java.lang.Object)'> (0x00000000fe951df0) 
thrown [s\src\hotspot\share\interpreter\linkResolver.cpp, line 759]
Event: 1.064 Thread 0x000001869a2449c0 Exception <a 'java/lang/NoSuchMethodError'{0x00000000ffb51550}: 'java.lang.Object java.lang.invoke.DirectMethodHandle$Holder.invokeInterface(java.lang.Object, java.lang.Object, java.lang.Object)'> (0x00000000ffb51550) 
thrown [s\src\hotspot\share\interpreter\linkResolver.cpp, line 759]
Event: 1.069 Thread 0x000001869a2449c0 Exception <a 'java/lang/NoSuchMethodError'{0x00000000ffb73218}: 'void java.lang.invoke.DirectMethodHandle$Holder.invokeSpecial(java.lang.Object, java.lang.Object, java.lang.Object)'> (0x00000000ffb73218) 
thrown [s\src\hotspot\share\interpreter\linkResolver.cpp, line 759]
Event: 1.084 Thread 0x000001869a2449c0 Implicit null exception at 0x00000186a985bf13 to 0x00000186a985c34c
Event: 1.084 Thread 0x000001869a2449c0 Implicit null exception at 0x00000186a983c491 to 0x00000186a983c8bc
Event: 1.125 Thread 0x000001869a2449c0 Exception <a 'java/lang/NoSuchMethodError'{0x00000000ff95b458}: 'java.lang.Object java.lang.invoke.DirectMethodHandle$Holder.invokeStaticInit(java.lang.Object)'> (0x00000000ff95b458) 
thrown [s\src\hotspot\share\interpreter\linkResolver.cpp, line 759]
Event: 1.232 Thread 0x000001869a2449c0 Exception <a 'java/lang/NoSuchMethodError'{0x00000000ff5b6858}: 'java.lang.Object java.lang.invoke.DirectMethodHandle$Holder.invokeStaticInit(java.lang.Object, int, int, int, int)'> (0x00000000ff5b6858) 
thrown [s\src\hotspot\share\interpreter\linkResolver.cpp, line 759]
Event: 1.312 Thread 0x000001869a2449c0 Exception <a 'java/lang/NoSuchMethodError'{0x00000000ff5eb848}: 'java.lang.Object java.lang.invoke.DirectMethodHandle$Holder.invokeStaticInit(java.lang.Object, java.lang.Object, int, int, int, int)'> (0x00000000ff5eb848) 
thrown [s\src\hotspot\share\interpreter\linkResolver.cpp, line 759]
Event: 1.457 Thread 0x000001869a2449c0 Exception <a 'java/lang/NoSuchMethodError'{0x00000000ff41b360}: 'void java.lang.invoke.DirectMethodHandle$Holder.invokeStatic(java.lang.Object, java.lang.Object, java.lang.Object)'> (0x00000000ff41b360) 
thrown [s\src\hotspot\share\interpreter\linkResolver.cpp, line 759]
Event: 1.654 Thread 0x00000186b5763b60 Exception <a 'java/lang/NoSuchMethodError'{0x00000000feffdc78}: 'void java.lang.invoke.DirectMethodHandle$Holder.invokeStatic(java.lang.Object, long)'> (0x00000000feffdc78) 
thrown [s\src\hotspot\share\interpreter\linkResolver.cpp, line 759]
Event: 1.655 Thread 0x00000186b5763b60 Exception <a 'java/lang/NoSuchMethodError'{0x00000000fee03b28}: 'java.lang.Object java.lang.invoke.DirectMethodHandle$Holder.newInvokeSpecial(java.lang.Object, long)'> (0x00000000fee03b28) 
thrown [s\src\hotspot\share\interpreter\linkResolver.cpp, line 759]
Event: 1.657 Thread 0x00000186b5763b60 Exception <a 'java/lang/NoSuchMethodError'{0x00000000fee0e6d0}: 'java.lang.Object java.lang.invoke.DirectMethodHandle$Holder.invokeStaticInit(java.lang.Object, java.lang.Object, long, java.lang.Object)'> (0x00000000fee0e6d0) 
thrown [s\src\hotspot\share\interpreter\linkResolver.cpp, line 759]
Event: 1.657 Thread 0x00000186b5763b60 Exception <a 'java/lang/NoSuchMethodError'{0x00000000fee14d58}: 'java.lang.Object java.lang.invoke.DirectMethodHandle$Holder.newInvokeSpecial(java.lang.Object, java.lang.Object, long)'> (0x00000000fee14d58) 
thrown [s\src\hotspot\share\interpreter\linkResolver.cpp, line 759]
Event: 1.657 Thread 0x00000186b5763b60 Exception <a 'java/lang/NoSuchMethodError'{0x00000000fee19048}: 'java.lang.Object java.lang.invoke.Invokers$Holder.linkToTargetMethod(java.lang.Object, long, java.lang.Object)'> (0x00000000fee19048) 
thrown [s\src\hotspot\share\interpreter\linkResolver.cpp, line 759]
Event: 77.227 Thread 0x000001869a2449c0 Exception <a 'sun/net/ConnectionResetException'{0x00000000fff4cc10}: Connection reset> (0x00000000fff4cc10) 
thrown [s\src\hotspot\share\prims\jni.cpp, line 535]
Event: 77.285 Thread 0x000001869a2449c0 Exception <a 'java/lang/NoSuchMethodError'{0x00000000fff81ef0}: 'int java.lang.invoke.DirectMethodHandle$Holder.invokeVirtual(java.lang.Object, java.lang.Object)'> (0x00000000fff81ef0) 
thrown [s\src\hotspot\share\interpreter\linkResolver.cpp, line 759]
Event: 77.300 Thread 0x00000186b5a60070 Exception <a 'java/io/IOException'{0x00000000ffe000a0}: Connection reset by peer> (0x00000000ffe000a0) 
thrown [s\src\hotspot\share\prims\jni.cpp, line 535]

VM Operations (20 events):
Event: 66.316 Executing VM operation: Cleanup
Event: 66.316 Executing VM operation: Cleanup done
Event: 67.321 Executing VM operation: Cleanup
Event: 67.321 Executing VM operation: Cleanup done
Event: 68.330 Executing VM operation: Cleanup
Event: 68.330 Executing VM operation: Cleanup done
Event: 68.503 Executing VM operation: G1CollectForAllocation
Event: 68.585 Executing VM operation: G1CollectForAllocation done
Event: 69.589 Executing VM operation: Cleanup
Event: 69.589 Executing VM operation: Cleanup done
Event: 70.600 Executing VM operation: Cleanup
Event: 70.600 Executing VM operation: Cleanup done
Event: 71.607 Executing VM operation: Cleanup
Event: 71.607 Executing VM operation: Cleanup done
Event: 72.616 Executing VM operation: Cleanup
Event: 72.616 Executing VM operation: Cleanup done
Event: 73.628 Executing VM operation: Cleanup
Event: 73.628 Executing VM operation: Cleanup done
Event: 75.641 Executing VM operation: Cleanup
Event: 75.641 Executing VM operation: Cleanup done

Events (20 events):
Event: 30.898 loading class sun/util/logging/PlatformLogger$ConfigurableBridge$LoggerConfiguration
Event: 30.898 loading class sun/util/logging/PlatformLogger$ConfigurableBridge$LoggerConfiguration done
Event: 30.898 loading class sun/util/logging/internal/LoggingProviderImpl$JULWrapper done
Event: 30.899 loading class java/io/ObjectInputFilter
Event: 30.899 loading class java/io/ObjectInputFilter done
Event: 30.901 loading class java/io/ObjectInputFilter$Config$BuiltinFilterFactory
Event: 30.901 loading class java/io/ObjectInputFilter$Config$BuiltinFilterFactory done
Event: 30.901 loading class jdk/internal/access/JavaObjectInputFilterAccess
Event: 30.901 loading class jdk/internal/access/JavaObjectInputFilterAccess done
Event: 30.905 loading class java/lang/System$Logger$Level
Event: 30.906 loading class java/lang/System$Logger$Level done
Event: 30.906 loading class java/io/Bits
Event: 30.906 loading class java/io/Bits done
Event: 55.215 loading class java/util/ArrayList$ListItr
Event: 55.215 loading class java/util/ArrayList$ListItr done
Event: 77.220 loading class sun/net/ConnectionResetException
Event: 77.222 loading class sun/net/ConnectionResetException done
Event: 77.302 Thread 0x00000186b5a60070 Thread exited: 0x00000186b5a60070
Event: 77.311 loading class java/util/concurrent/ConcurrentLinkedQueue$Itr
Event: 77.312 loading class java/util/concurrent/ConcurrentLinkedQueue$Itr done


Dynamic libraries:
0x00007ff60ef30000 - 0x00007ff60ef3e000 	C:\Program Files\Eclipse Adoptium\jdk-17.0.6.10-hotspot\bin\java.exe
0x00007ffc040c0000 - 0x00007ffc042c9000 	C:\windows\SYSTEM32\ntdll.dll
0x00007ffbd5c90000 - 0x00007ffbd5ca7000 	C:\Program Files\Avast Software\Avast\aswhook.dll
0x00007ffc02400000 - 0x00007ffc024be000 	C:\windows\System32\KERNEL32.DLL
0x00007ffc01590000 - 0x00007ffc0190b000 	C:\windows\System32\KERNELBASE.dll
0x00007ffc019d0000 - 0x00007ffc01ae1000 	C:\windows\System32\ucrtbase.dll
0x00007ffbdf6a0000 - 0x00007ffbdf6b7000 	C:\Program Files\Eclipse Adoptium\jdk-17.0.6.10-hotspot\bin\jli.dll
0x00007ffbde490000 - 0x00007ffbde4a9000 	C:\Program Files\Eclipse Adoptium\jdk-17.0.6.10-hotspot\bin\VCRUNTIME140.dll
0x00007ffc01fc0000 - 0x00007ffc0216d000 	C:\windows\System32\USER32.dll
0x00007ffc01af0000 - 0x00007ffc01b16000 	C:\windows\System32\win32u.dll
0x00007ffc03230000 - 0x00007ffc03259000 	C:\windows\System32\GDI32.dll
0x00007ffc01b90000 - 0x00007ffc01ca8000 	C:\windows\System32\gdi32full.dll
0x00007ffc007a0000 - 0x00007ffc00a45000 	C:\windows\WinSxS\amd64_microsoft.windows.common-controls_6595b64144ccf1df_6.0.22000.120_none_9d947278b86cc467\COMCTL32.dll
0x00007ffc01cb0000 - 0x00007ffc01d4d000 	C:\windows\System32\msvcp_win.dll
0x00007ffc03740000 - 0x00007ffc037e3000 	C:\windows\System32\msvcrt.dll
0x00007ffc03dd0000 - 0x00007ffc03e02000 	C:\windows\System32\IMM32.DLL
0x00007ffbe8c80000 - 0x00007ffbe8c8c000 	C:\Program Files\Eclipse Adoptium\jdk-17.0.6.10-hotspot\bin\vcruntime140_1.dll
0x00007ffbda8b0000 - 0x00007ffbda941000 	C:\Program Files\Eclipse Adoptium\jdk-17.0.6.10-hotspot\bin\msvcp140.dll
0x00007ffb67710000 - 0x00007ffb68357000 	C:\Program Files\Eclipse Adoptium\jdk-17.0.6.10-hotspot\bin\server\jvm.dll
0x00007ffc03180000 - 0x00007ffc0322e000 	C:\windows\System32\ADVAPI32.dll
0x00007ffc03370000 - 0x00007ffc0340e000 	C:\windows\System32\sechost.dll
0x00007ffc03060000 - 0x00007ffc03180000 	C:\windows\System32\RPCRT4.dll
0x00007ffbe6b30000 - 0x00007ffbe6b39000 	C:\windows\SYSTEM32\WSOCK32.dll
0x00007ffbf9b90000 - 0x00007ffbf9bc3000 	C:\windows\SYSTEM32\WINMM.dll
0x00007ffbf8ff0000 - 0x00007ffbf8ffa000 	C:\windows\SYSTEM32\VERSION.dll
0x00007ffc03cf0000 - 0x00007ffc03d5f000 	C:\windows\System32\WS2_32.dll
0x00007ffc00490000 - 0x00007ffc004a8000 	C:\windows\SYSTEM32\kernel.appcore.dll
0x00007ffbe7440000 - 0x00007ffbe744a000 	C:\Program Files\Eclipse Adoptium\jdk-17.0.6.10-hotspot\bin\jimage.dll
0x00007ffc00e40000 - 0x00007ffc01061000 	C:\windows\SYSTEM32\DBGHELP.DLL
0x00007ffc00d10000 - 0x00007ffc00d41000 	C:\windows\SYSTEM32\dbgcore.DLL
0x00007ffc01d50000 - 0x00007ffc01dcf000 	C:\windows\System32\bcryptPrimitives.dll
0x00007ffbde2d0000 - 0x00007ffbde2f5000 	C:\Program Files\Eclipse Adoptium\jdk-17.0.6.10-hotspot\bin\java.dll
0x00007ffbda7d0000 - 0x00007ffbda8a6000 	C:\Program Files\Eclipse Adoptium\jdk-17.0.6.10-hotspot\bin\jsvml.dll
0x00007ffc02520000 - 0x00007ffc02cd7000 	C:\windows\System32\SHELL32.dll
0x00007ffbff000000 - 0x00007ffbff865000 	C:\windows\SYSTEM32\windows.storage.dll
0x00007ffc02ce0000 - 0x00007ffc03058000 	C:\windows\System32\combase.dll
0x00007ffbfee90000 - 0x00007ffbfeff6000 	C:\windows\SYSTEM32\wintypes.dll
0x00007ffc03e10000 - 0x00007ffc03efa000 	C:\windows\System32\SHCORE.dll
0x00007ffc03d70000 - 0x00007ffc03dcd000 	C:\windows\System32\shlwapi.dll
0x00007ffc014c0000 - 0x00007ffc014e1000 	C:\windows\SYSTEM32\profapi.dll
0x00007ffbde3f0000 - 0x00007ffbde409000 	C:\Program Files\Eclipse Adoptium\jdk-17.0.6.10-hotspot\bin\net.dll
0x00007ffbf9430000 - 0x00007ffbf9544000 	C:\windows\SYSTEM32\WINHTTP.dll
0x00007ffc004b0000 - 0x00007ffc00517000 	C:\windows\system32\mswsock.dll
0x00007ffbde2b0000 - 0x00007ffbde2c5000 	C:\Program Files\Eclipse Adoptium\jdk-17.0.6.10-hotspot\bin\nio.dll
0x00007ffbde250000 - 0x00007ffbde268000 	C:\Program Files\Eclipse Adoptium\jdk-17.0.6.10-hotspot\bin\zip.dll
0x00007ffbe73f0000 - 0x00007ffbe7400000 	C:\Program Files\Eclipse Adoptium\jdk-17.0.6.10-hotspot\bin\verify.dll
0x00007ffbddf40000 - 0x00007ffbddf67000 	C:\Users\91992\.gradle\native\e1d6ef7f7dcc3fd88c89a11ec53ec762bb8ba0a96d01ffa2cd45eb1d1d8dd5c5\windows-amd64\native-platform.dll
0x00007ffbfa350000 - 0x00007ffbfa35a000 	C:\Users\91992\.gradle\native\jansi\1.18\windows64\jansi.dll
0x00007ffbe62a0000 - 0x00007ffbe62a9000 	C:\Program Files\Eclipse Adoptium\jdk-17.0.6.10-hotspot\bin\management.dll
0x00007ffbe6180000 - 0x00007ffbe618b000 	C:\Program Files\Eclipse Adoptium\jdk-17.0.6.10-hotspot\bin\management_ext.dll
0x00007ffc03d60000 - 0x00007ffc03d68000 	C:\windows\System32\PSAPI.DLL
0x00007ffc01150000 - 0x00007ffc01168000 	C:\windows\SYSTEM32\CRYPTSP.dll
0x00007ffbffed0000 - 0x00007ffbfff05000 	C:\windows\system32\rsaenh.dll
0x00007ffc005c0000 - 0x00007ffc005e9000 	C:\windows\SYSTEM32\USERENV.dll
0x00007ffc00e10000 - 0x00007ffc00e37000 	C:\windows\SYSTEM32\bcrypt.dll
0x00007ffc006a0000 - 0x00007ffc006ac000 	C:\windows\SYSTEM32\CRYPTBASE.dll
0x00007ffbffac0000 - 0x00007ffbffaed000 	C:\windows\SYSTEM32\IPHLPAPI.DLL
0x00007ffc03500000 - 0x00007ffc03509000 	C:\windows\System32\NSI.dll
0x00007ffbf97d0000 - 0x00007ffbf97e9000 	C:\windows\SYSTEM32\dhcpcsvc6.DLL
0x00007ffbf99b0000 - 0x00007ffbf99ce000 	C:\windows\SYSTEM32\dhcpcsvc.DLL
0x00007ffbffaf0000 - 0x00007ffbffbd8000 	C:\windows\SYSTEM32\DNSAPI.dll
0x00007ffbe6eb0000 - 0x00007ffbe6ebe000 	C:\Program Files\Eclipse Adoptium\jdk-17.0.6.10-hotspot\bin\sunmscapi.dll
0x00007ffc01dd0000 - 0x00007ffc01f32000 	C:\windows\System32\CRYPT32.dll
0x00007ffc00770000 - 0x00007ffc00798000 	C:\windows\SYSTEM32\ncrypt.dll
0x00007ffc00730000 - 0x00007ffc00767000 	C:\windows\SYSTEM32\NTASN1.dll
0x00007ffbe5f70000 - 0x00007ffbe5f78000 	C:\windows\system32\wshunix.dll

dbghelp: loaded successfully - version: 4.0.5 - missing functions: none
symbol engine: initialized successfully - sym options: 0x614 - pdb path: .;C:\Program Files\Eclipse Adoptium\jdk-17.0.6.10-hotspot\bin;C:\windows\SYSTEM32;C:\Program Files\Avast Software\Avast;C:\windows\WinSxS\amd64_microsoft.windows.common-controls_6595b64144ccf1df_6.0.22000.120_none_9d947278b86cc467;C:\Program Files\Eclipse Adoptium\jdk-17.0.6.10-hotspot\bin\server;C:\Users\91992\.gradle\native\e1d6ef7f7dcc3fd88c89a11ec53ec762bb8ba0a96d01ffa2cd45eb1d1d8dd5c5\windows-amd64;C:\Users\91992\.gradle\native\jansi\1.18\windows64

VM Arguments:
jvm_args: -Xmx64m -Xms64m -Dorg.gradle.appname=gradlew 
java_command: org.gradle.wrapper.GradleWrapperMain app:installDebug -PreactNativeDevServerPort=8081
java_class_path (initial): D:\jeet\work\bahuraniapp\android\\gradle\wrapper\gradle-wrapper.jar
Launcher Type: SUN_STANDARD

[Global flags]
     intx CICompilerCount                          = 4                                         {product} {ergonomic}
     uint ConcGCThreads                            = 3                                         {product} {ergonomic}
     uint G1ConcRefinementThreads                  = 10                                        {product} {ergonomic}
   size_t G1HeapRegionSize                         = 1048576                                   {product} {ergonomic}
    uintx GCDrainStackTargetSize                   = 64                                        {product} {ergonomic}
   size_t InitialHeapSize                          = 67108864                                  {product} {command line}
   size_t MarkStackSize                            = 4194304                                   {product} {ergonomic}
   size_t MaxHeapSize                              = 67108864                                  {product} {command line}
   size_t MaxNewSize                               = 39845888                                  {product} {ergonomic}
   size_t MinHeapDeltaBytes                        = 1048576                                   {product} {ergonomic}
   size_t MinHeapSize                              = 67108864                                  {product} {command line}
    uintx NonNMethodCodeHeapSize                   = 5839372                                {pd product} {ergonomic}
    uintx NonProfiledCodeHeapSize                  = 122909434                              {pd product} {ergonomic}
    uintx ProfiledCodeHeapSize                     = 122909434                              {pd product} {ergonomic}
    uintx ReservedCodeCacheSize                    = 251658240                              {pd product} {ergonomic}
     bool SegmentedCodeCache                       = true                                      {product} {ergonomic}
   size_t SoftMaxHeapSize                          = 67108864                               {manageable} {ergonomic}
     bool UseCompressedClassPointers               = true                           {product lp64_product} {ergonomic}
     bool UseCompressedOops                        = true                           {product lp64_product} {ergonomic}
     bool UseG1GC                                  = true                                      {product} {ergonomic}
     bool UseLargePagesIndividualAllocation        = false                                  {pd product} {ergonomic}

Logging:
Log output configuration:
 #0: stdout all=warning uptime,level,tags
 #1: stderr all=off uptime,level,tags

Environment Variables:
CLASSPATH=D:\jeet\work\bahuraniapp\android\\gradle\wrapper\gradle-wrapper.jar
PATH=D:\jeet\work\bahuraniapp\android\node_modules\.bin;D:\jeet\work\bahuraniapp\node_modules\.bin;D:\jeet\work\node_modules\.bin;D:\jeet\node_modules\.bin;D:\node_modules\.bin;D:\;C:\Program Files\Eclipse Adoptium\jdk-17.0.6.10-hotspot\bin;C:\Python310\Scripts\;C:\Python310\;C:\windows\system32;C:\windows;C:\windows\System32\Wbem;C:\windows\System32\WindowsPowerShell\v1.0\;C:\windows\System32\OpenSSH\;C:\Program Files (x86)\NVIDIA Corporation\PhysX\Common;C:\Program Files\NVIDIA Corporation\NVIDIA NvDLISR;C:\ProgramData\chocolatey\bin;C:\xampp\php;C:\ProgramData\ComposerSetup\bin;C:\Program Files\java\jdk1.8.0_281\bin;C:\Program Files\java\jre1.8.0_281\bin;C:\Program Files (x86)\Windows Kits\8.1\Windows Performance Toolkit\;C:\Users\91992\AppData\Local\Android\Sdk\platform-tools;D:\;=C:\Users\91992\AppData\Local\Android\Sdk\platform-tools;C:\Users\91992\AppData\Roaming\npm;E:\Git\cmd;E:\Microsoft VS Code\bin
USERNAME=91992
OS=Windows_NT
PROCESSOR_IDENTIFIER=AMD64 Family 25 Model 80 Stepping 0, AuthenticAMD
TMP=C:\Users\91992\AppData\Local\Temp
TEMP=C:\Users\91992\AppData\Local\Temp



---------------  S Y S T E M  ---------------

OS:
 Windows 11 , 64 bit Build 22000 (10.0.22000.1335)
OS uptime: 0 days 10:35 hours

CPU: total 12 (initial active 12) (12 cores per cpu, 2 threads per core) family 25 model 80 stepping 0 microcode 0x0, cx8, cmov, fxsr, ht, mmx, 3dnowpref, sse, sse2, sse3, ssse3, sse4a, sse4.1, sse4.2, popcnt, lzcnt, tsc, tscinvbit, avx, avx2, aes, erms, clmul, bmi1, bmi2, adx, sha, fma, vzeroupper, clflush, clflushopt

Memory: 4k page, system-wide physical 7524M (426M free)
TotalPageFile size 26274M (AvailPageFile size 969M)
current process WorkingSet (physical memory assigned to process): 40M, peak: 96M
current process commit charge ("private bytes"): 171M, peak: 173M

vm_info: OpenJDK 64-Bit Server VM (17.0.6+10) for windows-amd64 JRE (17.0.6+10), built on Jan 18 2023 10:08:59 by "temurin" with MS VC++ 16.7 (VS2019)

END.
